[10-Feb-2026 00:05:34 UTC] PHP Warning:  Undefined array key "host" in /workspaces/UX221-Midterm/.wordpress/wp-includes/pluggable.php on line 1721
[10-Feb-2026 00:29:02 UTC] PHP Fatal error:  Out of memory (allocated 33554432 bytes) (tried to allocate 2097152 bytes) in /workspaces/UX221-Midterm/.wordpress/wp-admin/includes/ajax-actions.php on line 4801
[10-Feb-2026 00:29:12 UTC] PHP Fatal error:  Out of memory (allocated 31457280 bytes) (tried to allocate 28672 bytes) in /workspaces/UX221-Midterm/.wordpress/wp-admin/includes/theme.php on line 1006
[10-Feb-2026 00:29:22 UTC] PHP Fatal error:  Out of memory (allocated 31457280 bytes) (tried to allocate 28672 bytes) in /workspaces/UX221-Midterm/.wordpress/wp-admin/includes/theme.php on line 1006
[10-Feb-2026 00:29:32 UTC] PHP Fatal error:  Out of memory (allocated 31457280 bytes) (tried to allocate 28672 bytes) in /workspaces/UX221-Midterm/.wordpress/wp-admin/includes/theme.php on line 1006
[10-Feb-2026 00:29:42 UTC] PHP Fatal error:  Out of memory (allocated 31457280 bytes) (tried to allocate 8192 bytes) in /workspaces/UX221-Midterm/.wordpress/wp-admin/includes/post.php on line 2421
[10-Feb-2026 00:29:42 UTC] PHP Fatal error:  Out of memory (allocated 31457280 bytes) (tried to allocate 28672 bytes) in /workspaces/UX221-Midterm/.wordpress/wp-admin/includes/theme.php on line 1006
[10-Feb-2026 00:29:52 UTC] PHP Fatal error:  Out of memory (allocated 31457280 bytes) (tried to allocate 28672 bytes) in /workspaces/UX221-Midterm/.wordpress/wp-admin/includes/theme.php on line 1006
[10-Feb-2026 00:30:02 UTC] PHP Fatal error:  Out of memory (allocated 31457280 bytes) (tried to allocate 28672 bytes) in /workspaces/UX221-Midterm/.wordpress/wp-admin/includes/theme.php on line 1006
[10-Feb-2026 00:30:12 UTC] PHP Fatal error:  Out of memory (allocated 31457280 bytes) (tried to allocate 28672 bytes) in /workspaces/UX221-Midterm/.wordpress/wp-admin/includes/theme.php on line 1006
[10-Feb-2026 00:30:22 UTC] PHP Fatal error:  Out of memory (allocated 31457280 bytes) (tried to allocate 28672 bytes) in /workspaces/UX221-Midterm/.wordpress/wp-admin/includes/theme.php on line 1006
[10-Feb-2026 00:30:30 UTC] PHP Fatal error:  Out of memory (allocated 31457280 bytes) (tried to allocate 8192 bytes) in /workspaces/UX221-Midterm/.wordpress/wp-admin/includes/post.php on line 41
[10-Feb-2026 00:30:30 UTC] PHP Fatal error:  Out of memory (allocated 31457280 bytes) (tried to allocate 8192 bytes) in /workspaces/UX221-Midterm/.wordpress/wp-includes/functions.php on line 655
[10-Feb-2026 00:30:32 UTC] PHP Fatal error:  Out of memory (allocated 31457280 bytes) (tried to allocate 8192 bytes) in /workspaces/UX221-Midterm/.wordpress/wp-admin/includes/post.php on line 41
[10-Feb-2026 00:30:32 UTC] PHP Fatal error:  Out of memory (allocated 31457280 bytes) (tried to allocate 8192 bytes) in /workspaces/UX221-Midterm/.wordpress/wp-includes/functions.php on line 655
[10-Feb-2026 00:30:32 UTC] PHP Fatal error:  Out of memory (allocated 31457280 bytes) (tried to allocate 28672 bytes) in /workspaces/UX221-Midterm/.wordpress/wp-admin/includes/theme.php on line 1006
[10-Feb-2026 00:30:32 UTC] PHP Fatal error:  Out of memory (allocated 31457280 bytes) (tried to allocate 8192 bytes) in /workspaces/UX221-Midterm/.wordpress/wp-includes/functions.php on line 4961
[10-Feb-2026 00:30:42 UTC] PHP Fatal error:  Out of memory (allocated 31457280 bytes) (tried to allocate 28672 bytes) in /workspaces/UX221-Midterm/.wordpress/wp-admin/includes/theme.php on line 1006
[10-Feb-2026 00:30:43 UTC] PHP Fatal error:  Out of memory (allocated 31457280 bytes) (tried to allocate 28672 bytes) in /workspaces/UX221-Midterm/.wordpress/wp-admin/includes/theme.php on line 1006
[10-Feb-2026 00:30:43 UTC] PHP Fatal error:  Out of memory (allocated 31457280 bytes) (tried to allocate 65536 bytes) in /workspaces/UX221-Midterm/.wordpress/wp-admin/includes/post.php on line 1055
[10-Feb-2026 00:30:43 UTC] PHP Fatal error:  Out of memory (allocated 31457280 bytes) (tried to allocate 65536 bytes) in /workspaces/UX221-Midterm/.wordpress/wp-includes/class-wp-fatal-error-handler.php on line 54
[10-Feb-2026 00:30:43 UTC] PHP Fatal error:  Out of memory (allocated 31457280 bytes) (tried to allocate 28672 bytes) in /workspaces/UX221-Midterm/.wordpress/wp-admin/includes/template.php on line 1425
